<?xml version="1.0" encoding="UTF-8"?>
<!-- Generated by org.testng.reporters.JUnitReportReporter -->
<testsuite hostname="user13" failures="0" tests="2" name="Runners.MyTestRunner" time="0.323" errors="2" timestamp="2024-11-19T10:20:49 IST" skipped="0">
  <testcase classname="Runners.MyTestRunner" name="runScenario" time="0.258">
    <error message="TODO: implement me" type="io.cucumber.java.PendingException">
      <![CDATA[io.cucumber.java.PendingException: TODO: implement me
at stepDefs.OrderStepDef.user_is_on_login_page(OrderStepDef.java:12)
at ✽.user is on login page(file:///C:/workspace/BDDCucumberPOM/src/test/resources/Features/PlaceOrder.feature:4)
]]>
    </error>
  </testcase> <!-- runScenario -->
  <testcase classname="Runners.MyTestRunner" name="runScenario" time="0.065">
    <error message="TODO: implement me" type="io.cucumber.java.PendingException">
      <![CDATA[io.cucumber.java.PendingException: TODO: implement me
at stepDefs.OrderStepDef.user_is_on_login_page(OrderStepDef.java:12)
at ✽.user is on login page(file:///C:/workspace/BDDCucumberPOM/src/test/resources/Features/PlaceOrder.feature:4)
]]>
    </error>
  </testcase> <!-- runScenario -->
</testsuite> <!-- Runners.MyTestRunner -->
